C51 COMPILER V9.52.0.0   MAIN                                                              04/09/2019 12:08:32 PAGE 1   


C51 COMPILER V9.52.0.0, COMPILATION OF MODULE MAIN
OBJECT MODULE PLACED IN main.OBJ
COMPILER INVOKED BY: C:\Keil\C51\BIN\C51.EXE main.c BROWSE DEBUG OBJECTEXTEND TABS(2)

line level    source

   1          #include <C8051F020.H>
   2          #include "SPI0.h"
   3          
   4          sbit NSS = P3 ^ 0;
   5          
   6          void init_SPI0(){
   7   1        SPI0CKR = 0x31;
   8   1        
   9   1        XBR0 |= 0x02; 
  10   1        SPI0CN = 0x03;
  11   1        
  12   1      } 
  13          void Oscillator_Init(){
  14   1          int i = 0;
  15   1          OSCXCN    = 0x67;
  16   1          for (i = 0; i < 3000; i++);  // Wait 1ms for initialization
  17   1          while ((OSCXCN & 0x80) == 0);
  18   1          OSCICN    = 0x0C;
  19   1      }
  20          
  21          int main() {
  22   1        WDTCN = 0xDE;
  23   1        WDTCN = 0xAD;
  24   1        XBR2 |= 1<<6;
  25   1        XBR0 |= 0x04;
  26   1        P0MDOUT = 0x14;
  27   1        P3MDOUT = 0x01;
  28   1        
  29   1        Oscillator_Init();
  30   1        init_SPI0();
  31   1        
  32   1        NSS = 0;
  33   1        SPI0DAT = 'l';
  34   1        while(SPIF == 0);
  35   1        NSS = 1;
  36   1        SPIF = 0;
  37   1        
  38   1        
  39   1        while(1){
  40   2        };
  41   1      }


MODULE INFORMATION:   STATIC OVERLAYABLE
   CODE SIZE        =     74    ----
   CONSTANT SIZE    =   ----    ----
   XDATA SIZE       =   ----    ----
   PDATA SIZE       =   ----    ----
   DATA SIZE        =   ----    ----
   IDATA SIZE       =   ----    ----
   BIT SIZE         =   ----    ----
END OF MODULE INFORMATION.


C51 COMPILATION COMPLETE.  0 WARNING(S),  0 ERROR(S)
