C51 COMPILER V9.52.0.0   MAIN                                                              04/03/2019 09:30:31 PAGE 1   


C51 COMPILER V9.52.0.0, COMPILATION OF MODULE MAIN
OBJECT MODULE PLACED IN main.OBJ
COMPILER INVOKED BY: C:\Keil\C51\BIN\C51.EXE main.c BROWSE DEBUG OBJECTEXTEND TABS(2)

line level    source

   1          #include <c8051f020.h>
   2          #include <string.h>
   3          
   4          #define SYSCLK 22118400UL //approximate SYSCLK frequency in Hz
   5          #define BAUDRATE  19200UL          // Baud rate of UART in bps
   6          #define Preload_Timer0 (SYSCLK/(BAUDRATE*16))
   7          
   8          
   9          void Oscillator_Init()
  10          {
  11   1          int i = 0;
  12   1          OSCXCN    = 0x67;
  13   1          for (i = 0; i < 3000; i++);  // Wait 1ms for initialization
  14   1          while ((OSCXCN & 0x80) == 0);
  15   1          OSCICN    = 0x0C;
  16   1      }
  17          
  18          void cfg_Clock_UART(void){
  19   1        CKCON |= 0x10;      // T1M: Timer 1 use the system clock.
  20   1        TMOD |= 0x20;       //  Timer1 CLK = system clock
  21   1        TMOD &= 0x2f;       // Timer1 configuré en timer 8 bit avec auto-reload 
  22   1        TF1 = 0;          // Flag Timer effacé
  23   1        
  24   1        TH1 = -(Preload_Timer0);
  25   1        ET1 = 0;           // Interruption Timer 1 dévalidée
  26   1        TR1 = 1;           // Timer1 démarré
  27   1      
  28   1      }
  29          
  30          void cfg_UART0_mode1(void){
  31   1          RCLK0 = 0;     // Source clock Timer 1
  32   1          TCLK0 = 0;
  33   1          PCON  |= 0x80; //SMOD0: UART0 Baud Rate Doubler Disabled.
  34   1          PCON &= 0xBF;  // SSTAT0=0
  35   1          SCON0 = 0x70;   // Mode 1 - Check Stop bit - stock validée
  36   1        
  37   1          XBR0 |= 0x04;
  38   1          XBR2 |= 0x40;
  39   1          P0MDOUT |= 0x01;
  40   1        
  41   1          ES0 = 1;        // interruption UART0 autorisée 
  42   1      
  43   1      }
  44          
  45          void putChar0(char carac){
  46   1        SBUF0=carac;
  47   1        while((SCON0 & 0x02)== 0){
  48   2          }
  49   1        SCON0 &= 0xFD;
  50   1        }
  51            
  52          void putString0(char chaine[32]){
  53   1          int i;
  54   1          for (i=0;i<strlen(chaine);i++){
  55   2            putChar0(chaine[i]);
C51 COMPILER V9.52.0.0   MAIN                                                              04/03/2019 09:30:31 PAGE 2   

  56   2          }
  57   1      }
  58          
  59          void main(){
  60   1        WDTCN     = 0xDE;
  61   1        WDTCN     = 0xAD;
  62   1        Oscillator_Init();
  63   1        cfg_Clock_UART();
  64   1        cfg_UART0_mode1();
  65   1      
  66   1      
  67   1        
  68   1      putString0("salut michel");
  69   1      while(1){
  70   2      }
  71   1      }


MODULE INFORMATION:   STATIC OVERLAYABLE
   CODE SIZE        =    172    ----
   CONSTANT SIZE    =     13    ----
   XDATA SIZE       =   ----    ----
   PDATA SIZE       =   ----    ----
   DATA SIZE        =   ----       5
   IDATA SIZE       =   ----    ----
   BIT SIZE         =   ----    ----
END OF MODULE INFORMATION.


C51 COMPILATION COMPLETE.  0 WARNING(S),  0 ERROR(S)
