C51 COMPILER V9.52.0.0   INFORMATION                                                       04/10/2019 12:02:55 PAGE 1   


C51 COMPILER V9.52.0.0, COMPILATION OF MODULE INFORMATION
OBJECT MODULE PLACED IN information.OBJ
COMPILER INVOKED BY: C:\Keil\C51\BIN\C51.EXE information.c BROWSE DEBUG OBJECTEXTEND TABS(2)

line level    source

   1          #include <C8051F020.H>
   2          #include <stdio.h>
   3          #include <string.h>
   4          
   5          #include "information.h"
   6          #include "UART0.h"
   7          #include "pointeur.h"
   8          
   9          
  10          
  11          void information(char* message){
  12   1        char prem[3];
  13   1        int cpt_p = 0;
  14   1        int t_up, t_down, n_period, intensity;
  15   1        char* b1,b2,b3,b4;
  16   1        
  17   1        sscanf(message,"%s ",prem);
  18   1        
  19   1        if(strcmp(prem, "ASS") == 0 || (strcmp(prem, "SD") == 0)){
  20   2          putString0(message);
  21   2        }
  22   1        else if(strcmp(prem, "L") == 0){
  23   2          sscanf(message, "%s:%d %s:%d %s:%d %s:%d",b1, &t_up,b2, &t_down,b3, &n_period,b4, &intensity); 
  24   2          
  25   2          start_blink_led(t_up, t_down, n_period, intensity);
  26   2        }
  27   1        else if(strcmp(prem, "LS") == 0){
  28   2          
  29   2          
  30   2        }
  31   1        else if(strcmp(prem, "CS") == 0){
  32   2          
  33   2          
  34   2        }
  35   1        else{};
  36   1      }


MODULE INFORMATION:   STATIC OVERLAYABLE
   CODE SIZE        =    217    ----
   CONSTANT SIZE    =     43    ----
   XDATA SIZE       =   ----    ----
   PDATA SIZE       =   ----    ----
   DATA SIZE        =   ----      22
   IDATA SIZE       =   ----    ----
   BIT SIZE         =   ----    ----
END OF MODULE INFORMATION.


C51 COMPILATION COMPLETE.  0 WARNING(S),  0 ERROR(S)
