C51 COMPILER V9.52.0.0   SPI_SLAVE                                                         04/10/2019 12:02:55 PAGE 1   


C51 COMPILER V9.52.0.0, COMPILATION OF MODULE SPI_SLAVE
OBJECT MODULE PLACED IN SPI_slave.OBJ
COMPILER INVOKED BY: C:\Keil\C51\BIN\C51.EXE SPI_slave.c BROWSE DEBUG OBJECTEXTEND TABS(2)

line level    source

   1          //------------------------------------------------------------------------------------
   2          // SPI0.c
   3          //------------------------------------------------------------------------------------
   4          // DATE: 8/04/19
   5          //
   6          // Target: C8051F02x
   7          // Tool chain: KEIL Microvision 4
   8          //
   9          // DEVLOPPE PAR :  Groupe B2
  10          //
  11          //------------------------------------------------------------------------------------
  12          
  13          #include <C8051F020.H>
  14          #include "SPI_slave.h"
  15          
  16          
  17          void init_SPI0(){
  18   1        SPI0CKR = 0x01;
  19   1        
  20   1        XBR0 |= 0x02; 
  21   1        SPI0CN = 0x01;
  22   1        
  23   1        EIE1 |= 0x01;
  24   1        EIP1 |= 0x01;
  25   1      }
  26          
  27          /*  PINS
  28          
  29          SCK -> P0.2
  30          MISO -> P0.3
  31          MOSI -> P0.4
  32          NSS -> P0.5
  33          
  34          faut peut-être mettre NSS en PP mais sa marche sans
  35          */


MODULE INFORMATION:   STATIC OVERLAYABLE
   CODE SIZE        =     16    ----
   CONSTANT SIZE    =   ----    ----
   XDATA SIZE       =   ----    ----
   PDATA SIZE       =   ----    ----
   DATA SIZE        =   ----    ----
   IDATA SIZE       =   ----    ----
   BIT SIZE         =   ----    ----
END OF MODULE INFORMATION.


C51 COMPILATION COMPLETE.  0 WARNING(S),  0 ERROR(S)
